2024-06-08 17:58:08: info: 6000
2024-06-08 17:58:08: info: Server is up and running at the port 6000
2024-06-08 18:01:51: info: 6000
2024-06-08 18:01:51: info: Server is up and running at the port 6000
2024-06-08 18:05:25: info: 443
2024-06-08 18:05:25: info: Server is up and running at the port 443
2024-06-08 18:05:30: info: New User Connected
2024-06-08 18:05:41: info: User Disconnected
2024-06-08 18:05:42: info: New User Connected
2024-06-08 18:06:51: info: Room Created with ID: 49f9b666-0b4a-4578-8d6d-74310c6d403c
2024-06-08 18:17:07: info: User Disconnected
2024-06-08 18:24:09: info: New User Connected
2024-06-08 18:24:21: info: Room Created with ID: 87a1e3b9-fd88-473e-b4c0-ac22f3d9752c
2024-06-08 18:27:45: info: User Disconnected
2024-06-08 18:28:17: info: New User Connected
2024-06-08 18:36:57: info: User Disconnected
2024-06-08 18:36:58: info: New User Connected
2024-06-08 18:38:02: info: User Disconnected
2024-06-08 18:38:04: info: New User Connected
2024-06-08 18:38:22: info: User Disconnected
2024-06-08 18:38:25: info: New User Connected
2024-06-08 18:38:33: info: User Disconnected
2024-06-08 18:38:34: info: New User Connected
2024-06-08 18:38:37: info: Room Created with ID: 661d0fd1-fba6-4f61-b235-38ec54f2767a
2024-06-08 18:40:51: info: User Disconnected
2024-06-08 18:40:51: info: New User Connected
2024-06-08 18:44:53: info: User Disconnected
2024-06-08 18:44:53: info: New User Connected
2024-06-08 18:45:03: info: User Disconnected
2024-06-08 18:45:04: info: New User Connected
2024-06-08 18:47:03: info: New User Connected
2024-06-08 18:47:04: info: User Disconnected
2024-06-08 18:47:04: info: User Disconnected
2024-06-08 18:47:04: info: New User Connected
2024-06-08 18:47:31: info: New User Connected
2024-06-08 18:47:32: info: User Disconnected
2024-06-08 18:47:32: info: User Disconnected
2024-06-08 18:47:33: info: New User Connected
2024-06-08 18:47:39: info: New User Connected
2024-06-08 18:47:40: info: User Disconnected
2024-06-08 18:47:40: info: New User Connected
2024-06-08 18:48:24: info: User Disconnected
2024-06-08 18:48:48: info: New User Connected
2024-06-08 18:48:49: info: User Disconnected
2024-06-08 18:48:49: info: User Disconnected
2024-06-08 18:48:49: info: New User Connected
2024-06-08 18:49:00: info: New User Connected
2024-06-08 18:49:01: info: User Disconnected
2024-06-08 18:49:01: info: User Disconnected
2024-06-08 18:49:01: info: New User Connected
2024-06-08 18:49:13: info: New User Connected
2024-06-08 18:49:14: info: User Disconnected
2024-06-08 18:49:14: info: User Disconnected
2024-06-08 18:49:14: info: New User Connected
2024-06-08 18:49:19: info: New User Connected
2024-06-08 18:49:20: info: User Disconnected
2024-06-08 18:49:20: info: User Disconnected
2024-06-08 18:49:20: info: New User Connected
2024-06-08 18:49:23: info: New User Connected
2024-06-08 18:49:23: info: New User Connected
2024-06-08 18:49:24: info: User Disconnected
2024-06-08 18:49:24: info: User Disconnected
2024-06-08 18:49:24: info: User Disconnected
2024-06-08 18:49:24: info: New User Connected
2024-06-08 18:50:44: info: New User Connected
2024-06-08 18:50:44: info: New User Connected
2024-06-08 18:50:45: info: User Disconnected
2024-06-08 18:50:45: info: User Disconnected
2024-06-08 18:50:45: info: User Disconnected
2024-06-08 18:50:45: info: New User Connected
2024-06-08 18:50:49: info: New User Connected
2024-06-08 18:50:50: info: User Disconnected
2024-06-08 18:50:50: info: User Disconnected
2024-06-08 18:50:50: info: New User Connected
2024-06-08 18:51:00: info: New User Connected
2024-06-08 18:51:01: info: User Disconnected
2024-06-08 18:51:01: info: User Disconnected
2024-06-08 18:51:01: info: New User Connected
2024-06-08 18:51:09: info: New User Connected
2024-06-08 18:51:10: info: User Disconnected
2024-06-08 18:51:10: info: User Disconnected
2024-06-08 18:51:10: info: New User Connected
2024-06-08 18:51:19: info: New User Connected
2024-06-08 18:51:20: info: User Disconnected
2024-06-08 18:51:20: info: User Disconnected
2024-06-08 18:51:20: info: New User Connected
2024-06-08 18:52:07: info: New User Connected
2024-06-08 18:52:08: info: User Disconnected
2024-06-08 18:52:08: info: User Disconnected
2024-06-08 18:52:08: info: New User Connected
2024-06-08 18:52:13: info: New User Connected
2024-06-08 18:52:14: info: User Disconnected
2024-06-08 18:52:14: info: User Disconnected
2024-06-08 18:52:14: info: New User Connected
2024-06-08 18:52:23: info: New User Connected
2024-06-08 18:52:23: info: New User Connected
2024-06-08 18:52:24: info: User Disconnected
2024-06-08 18:52:24: info: User Disconnected
2024-06-08 18:52:24: info: User Disconnected
2024-06-08 18:52:24: info: New User Connected
2024-06-08 18:52:35: info: New User Connected
2024-06-08 18:52:36: info: New User Connected
2024-06-08 18:52:37: info: User Disconnected
2024-06-08 18:52:37: info: User Disconnected
2024-06-08 18:52:37: info: User Disconnected
2024-06-08 18:52:38: info: New User Connected
2024-06-08 18:52:48: info: New User Connected
2024-06-08 18:52:49: info: User Disconnected
2024-06-08 18:52:49: info: User Disconnected
2024-06-08 18:52:49: info: New User Connected
2024-06-08 18:53:19: info: New User Connected
2024-06-08 18:53:20: info: User Disconnected
2024-06-08 18:53:20: info: User Disconnected
2024-06-08 18:53:20: info: New User Connected
2024-06-08 18:53:31: info: New User Connected
2024-06-08 18:53:32: info: User Disconnected
2024-06-08 18:53:32: info: User Disconnected
2024-06-08 18:53:32: info: New User Connected
2024-06-08 18:54:12: info: New User Connected
2024-06-08 18:54:13: info: User Disconnected
2024-06-08 18:54:13: info: User Disconnected
2024-06-08 18:54:13: info: New User Connected
2024-06-08 18:54:19: info: New User Connected
2024-06-08 18:54:20: info: User Disconnected
2024-06-08 18:54:20: info: User Disconnected
2024-06-08 18:54:20: info: New User Connected
2024-06-08 18:54:29: info: New User Connected
2024-06-08 18:54:30: info: User Disconnected
2024-06-08 18:54:30: info: User Disconnected
2024-06-08 18:54:30: info: New User Connected
2024-06-08 18:55:14: info: New User Connected
2024-06-08 18:55:14: info: New User Connected
2024-06-08 18:55:15: info: User Disconnected
2024-06-08 18:55:15: info: User Disconnected
2024-06-08 18:55:15: info: User Disconnected
2024-06-08 18:55:15: info: New User Connected
2024-06-08 18:55:30: info: New User Connected
2024-06-08 18:55:31: info: User Disconnected
2024-06-08 18:55:31: info: User Disconnected
2024-06-08 18:55:31: info: New User Connected
2024-06-08 18:55:58: info: New User Connected
2024-06-08 18:55:59: info: User Disconnected
2024-06-08 18:55:59: info: User Disconnected
2024-06-08 18:55:59: info: New User Connected
2024-06-08 18:56:06: info: New User Connected
2024-06-08 18:56:06: info: User Disconnected
2024-06-08 18:56:06: info: User Disconnected
2024-06-08 18:56:06: info: New User Connected
2024-06-08 18:56:15: info: New User Connected
2024-06-08 18:56:16: info: User Disconnected
2024-06-08 18:56:16: info: User Disconnected
2024-06-08 18:56:16: info: New User Connected
2024-06-08 18:56:36: info: New User Connected
2024-06-08 18:56:37: info: User Disconnected
2024-06-08 18:56:37: info: User Disconnected
2024-06-08 18:56:37: info: New User Connected
2024-06-08 18:58:22: info: Room Created with ID: 726f4acd-569b-4222-8f7f-9627948ee38b
2024-06-08 18:58:25: info: Room Created with ID: 4a9d6859-d031-44d6-a33e-d4ea327ed920
2024-06-08 18:59:41: info: 443
2024-06-08 18:59:41: info: Server is up and running at the port 443
2024-06-08 18:59:44: info: New User Connected
2024-06-08 18:59:53: info: Room Created with ID: 05459eb1-555f-448c-9eec-294141f93a01
2024-06-08 18:59:55: info: Room Created with ID: dd73783d-9b92-48c7-bd0d-9fa9fbdbc7d6
2024-06-08 19:02:46: info: Room Created with ID: 52622853-9b10-4bef-9f79-5e862e0e6e9f
2024-06-08 19:02:47: info: Room Created with ID: 13352c58-2621-4ad9-be16-2f47ce43d03b
2024-06-08 19:10:20: info: New User Connected
2024-06-08 19:10:21: info: User Disconnected
2024-06-08 19:10:21: info: User Disconnected
2024-06-08 19:10:22: info: New User Connected
2024-06-08 19:12:59: info: User Disconnected
2024-06-08 19:13:08: info: New User Connected
2024-06-08 19:16:19: info: New User Connected
2024-06-08 19:16:20: info: User Disconnected
2024-06-08 19:16:20: info: User Disconnected
2024-06-08 19:16:24: info: New User Connected
2024-06-08 19:18:00: info: 443
2024-06-08 19:18:00: info: Server is up and running at the port 443
2024-06-08 19:18:00: info: New User Connected
2024-06-08 19:18:00: info: Room Created with ID: 40ee4215-9a1a-41bc-b0ff-3d19d08bf446
2024-06-08 19:22:42: info: User Disconnected
2024-06-08 19:22:43: info: New User Connected
2024-06-08 19:22:48: info: Room Created with ID: 05de5ccf-506c-466c-829e-89217eb3583c
2024-06-08 19:22:50: info: User Disconnected
2024-06-08 19:23:48: info: New User Connected
2024-06-08 19:23:50: info: Room Created with ID: bc40199d-9c3d-4681-9693-504f258ea9cd
2024-06-08 19:29:25: info: 443
2024-06-08 19:29:25: info: Server is up and running at the port 443
2024-06-08 19:29:30: info: New User Connected
2024-06-08 19:29:48: info: 443
2024-06-08 19:29:48: info: Server is up and running at the port 443
2024-06-08 19:29:48: info: New User Connected
2024-06-08 19:36:15: info: 443
2024-06-08 19:36:15: info: Server is up and running at the port 443
2024-06-08 19:36:16: info: New User Connected
2024-06-08 19:36:20: info: 443
2024-06-08 19:36:20: info: Server is up and running at the port 443
2024-06-08 19:36:20: info: New User Connected
2024-06-08 19:36:50: info: 443
2024-06-08 19:36:50: info: Server is up and running at the port 443
2024-06-08 19:36:52: info: New User Connected
2024-06-08 19:37:38: info: 443
2024-06-08 19:37:38: info: Server is up and running at the port 443
2024-06-08 19:37:39: info: New User Connected
2024-06-08 19:37:46: info: 443
2024-06-08 19:37:46: info: Server is up and running at the port 443
2024-06-08 19:37:47: info: New User Connected
2024-06-08 19:38:18: info: User Disconnected
2024-06-08 19:38:19: info: New User Connected
2024-06-08 19:38:28: info: Room Created with ID: 2e186067-ff2c-4473-90de-d398374851c4
2024-06-08 19:38:28: info: New user has joined the room
2024-06-08 19:40:38: info: 443
2024-06-08 19:40:38: info: Server is up and running at the port 443
2024-06-08 19:40:40: info: New User Connected
2024-06-08 19:40:44: info: Room Created with ID: b8731ce5-1640-4306-94d9-e536774e44fc
2024-06-08 19:40:44: info: New user has joined the room
2024-06-08 19:46:21: info: Room Created with ID: 8154dcae-ab26-491d-a364-acebd353fa43
2024-06-08 19:46:21: info: New user has joined the room
2024-06-08 19:46:35: info: 443
2024-06-08 19:46:35: info: Server is up and running at the port 443
2024-06-08 19:46:50: info: New User Connected
2024-06-08 19:46:52: info: Room Created with ID: 9cc97982-42ea-41e7-abf9-61a7c8d951f3
2024-06-08 19:46:52: info: New user has joined the room 9cc97982-42ea-41e7-abf9-61a7c8d951f3
2024-06-08 19:58:13: info: User Disconnected
2024-06-08 19:58:20: info: New User Connected
2024-06-08 19:58:20: info: New user has joined the room 9cc97982-42ea-41e7-abf9-61a7c8d951f3
2024-06-08 19:58:22: info: User Disconnected
2024-06-08 21:38:07: info: 443
2024-06-08 21:38:07: info: Server is up and running at the port 443
2024-06-08 21:38:24: info: 443
2024-06-08 21:38:24: info: Server is up and running at the port 443
2024-06-08 21:39:12: info: 443
2024-06-08 21:39:12: info: Server is up and running at the port 443
2024-06-08 21:39:28: info: 443
2024-06-08 21:39:28: info: Server is up and running at the port 443
2024-06-08 21:40:04: info: New User Connected
2024-06-08 21:40:05: info: User Disconnected
2024-06-08 21:40:05: info: New User Connected
2024-06-08 21:40:07: info: Room Created with ID: 1d6f2f01-afd6-4821-acce-0331394247d9
2024-06-08 21:40:07: info: New user has joined the room 1d6f2f01-afd6-4821-acce-0331394247d9 with peer id as d7d48ca3-bb04-4391-b1d0-7101b0dc0f97
2024-06-08 21:44:00: info: New user has joined the room 1d6f2f01-afd6-4821-acce-0331394247d9 with peer id as d7d48ca3-bb04-4391-b1d0-7101b0dc0f97
2024-06-08 21:44:16: info: User Disconnected
2024-06-08 21:44:16: info: New User Connected
2024-06-08 21:44:17: info: User Disconnected
2024-06-08 21:44:26: info: New User Connected
2024-06-08 21:44:32: info: Room Created with ID: 9ad80209-9197-4f1f-a938-6f754b2ea69c
2024-06-08 21:44:32: info: New user has joined the room 9ad80209-9197-4f1f-a938-6f754b2ea69c with peer id as 29f32446-0976-44d6-9656-e25cd7d728ef
2024-06-08 21:45:10: info: New User Connected
2024-06-08 21:46:58: info: New user has joined the room 9ad80209-9197-4f1f-a938-6f754b2ea69c with peer id as 5852ccc6-42c4-4073-99f8-f5fb0d4f93bf
2024-06-08 21:46:58: info: New user has joined the room 9ad80209-9197-4f1f-a938-6f754b2ea69c with peer id as 29f32446-0976-44d6-9656-e25cd7d728ef
2024-06-08 21:47:02: info: User Disconnected
2024-06-08 21:47:02: info: User Disconnected
2024-06-08 21:47:19: info: New User Connected
2024-06-08 21:47:20: info: Room Created with ID: 1439ece3-f15c-45b7-a1f8-807fde7fdb23
2024-06-08 21:47:20: info: New user has joined the room 1439ece3-f15c-45b7-a1f8-807fde7fdb23 with peer id as 19417846-f2c0-492c-82d2-0f959b6cf33f
2024-06-08 21:47:27: info: New User Connected
2024-06-08 21:47:27: info: New user has joined the room 1439ece3-f15c-45b7-a1f8-807fde7fdb23 with peer id as 7668eb7d-0fe2-43ff-bf04-48ec38305a29
2024-06-08 21:47:56: info: New User Connected
2024-06-08 21:47:56: info: New user has joined the room 1439ece3-f15c-45b7-a1f8-807fde7fdb23 with peer id as f038991d-a15e-4c80-abd8-952009b54c32
2024-06-08 21:50:05: info: New user has joined the room 1439ece3-f15c-45b7-a1f8-807fde7fdb23 with peer id as 7668eb7d-0fe2-43ff-bf04-48ec38305a29
2024-06-08 21:50:05: info: New user has joined the room 1439ece3-f15c-45b7-a1f8-807fde7fdb23 with peer id as f038991d-a15e-4c80-abd8-952009b54c32
2024-06-08 21:50:05: info: New user has joined the room 1439ece3-f15c-45b7-a1f8-807fde7fdb23 with peer id as 19417846-f2c0-492c-82d2-0f959b6cf33f
2024-06-08 21:52:45: info: 443
2024-06-08 21:52:45: info: Server is up and running at the port 443
2024-06-08 21:52:46: info: New User Connected
2024-06-08 21:52:47: info: New User Connected
2024-06-08 21:52:47: info: New User Connected
2024-06-08 21:53:37: info: 443
2024-06-08 21:53:37: info: Server is up and running at the port 443
2024-06-08 21:53:37: info: New User Connected
2024-06-08 21:53:37: info: New User Connected
2024-06-08 21:53:37: info: New User Connected
2024-06-08 21:54:03: info: 443
2024-06-08 21:54:03: info: Server is up and running at the port 443
2024-06-08 21:54:03: info: New User Connected
2024-06-08 21:54:03: info: New User Connected
2024-06-08 21:54:03: info: New User Connected
2024-06-08 21:54:21: info: 443
2024-06-08 21:54:21: info: Server is up and running at the port 443
2024-06-08 21:54:21: info: New User Connected
2024-06-08 21:54:21: info: New User Connected
2024-06-08 21:54:21: info: New User Connected
2024-06-08 21:57:12: info: 443
2024-06-08 21:57:12: info: Server is up and running at the port 443
2024-06-08 21:57:12: info: New User Connected
2024-06-08 21:57:12: info: New User Connected
2024-06-08 21:57:15: info: New User Connected
2024-06-08 21:57:28: info: User Disconnected
2024-06-08 21:57:42: info: 443
2024-06-08 21:57:43: info: Server is up and running at the port 443
2024-06-08 21:57:43: info: New User Connected
2024-06-08 21:57:43: info: New User Connected
2024-06-08 21:57:57: info: User Disconnected
2024-06-08 21:58:17: info: User Disconnected
2024-06-08 21:58:59: info: 443
2024-06-08 21:58:59: info: Server is up and running at the port 443
2024-06-08 22:00:12: info: 443
2024-06-08 22:00:12: info: Server is up and running at the port 443
2024-06-08 22:00:20: info: 443
2024-06-08 22:00:20: info: Server is up and running at the port 443
2024-06-08 22:00:31: info: 443
2024-06-08 22:00:31: info: Server is up and running at the port 443
2024-06-08 22:00:57: info: 443
2024-06-08 22:00:57: info: Server is up and running at the port 443
2024-06-08 22:01:11: info: 443
2024-06-08 22:01:11: info: Server is up and running at the port 443
2024-06-08 22:01:28: info: 443
2024-06-08 22:01:28: info: Server is up and running at the port 443
2024-06-08 22:01:33: info: 443
2024-06-08 22:01:33: info: Server is up and running at the port 443
2024-06-08 22:03:04: info: 443
2024-06-08 22:03:04: info: Server is up and running at the port 443
2024-06-08 22:04:31: info: 443
2024-06-08 22:04:31: info: Server is up and running at the port 443
2024-06-08 22:04:36: info: 443
2024-06-08 22:04:36: info: Server is up and running at the port 443
2024-06-08 22:04:53: info: 443
2024-06-08 22:04:53: info: Server is up and running at the port 443
2024-06-08 22:05:23: info: 443
2024-06-08 22:05:23: info: Server is up and running at the port 443
2024-06-08 22:06:40: info: 443
2024-06-08 22:06:40: info: Server is up and running at the port 443
2024-06-08 22:07:07: info: 443
2024-06-08 22:07:07: info: Server is up and running at the port 443
2024-06-08 22:08:18: info: 443
2024-06-08 22:08:18: info: Server is up and running at the port 443
2024-06-08 22:08:52: info: 443
2024-06-08 22:08:52: info: Server is up and running at the port 443
2024-06-08 22:09:16: info: 443
2024-06-08 22:09:16: info: Server is up and running at the port 443
2024-06-08 22:09:46: info: 443
2024-06-08 22:09:46: info: Server is up and running at the port 443
2024-06-08 22:10:13: info: 443
2024-06-08 22:10:13: info: Server is up and running at the port 443
2024-06-08 22:10:32: info: 443
2024-06-08 22:10:32: info: Server is up and running at the port 443
2024-06-08 22:18:28: info: New User Connected
2024-06-08 22:18:29: info: Room Created with ID: 6a481822-5fdb-45df-b379-b2e3ed35a000
2024-06-08 22:18:29: info: New user has joined the room 6a481822-5fdb-45df-b379-b2e3ed35a000 with peer id as f9792839-5785-4590-bf81-572591fb4b31
2024-06-08 22:18:37: info: New User Connected
2024-06-08 22:18:37: info: New user has joined the room 6a481822-5fdb-45df-b379-b2e3ed35a000 with peer id as 03dd2c29-e5ca-4f25-ad56-854854d87edd
2024-06-08 22:19:44: info: User Disconnected
2024-06-08 22:35:19: info: New User Connected
2024-06-08 22:35:20: info: User Disconnected
2024-06-08 22:35:20: info: User Disconnected
2024-06-08 22:35:21: info: New User Connected
2024-06-08 22:36:09: info: New User Connected
2024-06-08 22:36:10: info: User Disconnected
2024-06-08 22:36:10: info: User Disconnected
2024-06-08 22:36:11: info: New User Connected
2024-06-08 22:36:11: info: New user has joined the room 6a481822-5fdb-45df-b379-b2e3ed35a000 with peer id as c1d626d7-fa3a-42ac-a3ab-91d9363faf54
2024-06-08 22:37:17: info: New user has joined the room 6a481822-5fdb-45df-b379-b2e3ed35a000 with peer id as c1d626d7-fa3a-42ac-a3ab-91d9363faf54
2024-06-08 22:38:06: info: New user has joined the room 6a481822-5fdb-45df-b379-b2e3ed35a000 with peer id as c1d626d7-fa3a-42ac-a3ab-91d9363faf54
2024-06-08 22:41:59: info: New User Connected
2024-06-08 22:42:00: info: User Disconnected
2024-06-08 22:42:00: info: User Disconnected
2024-06-08 22:42:02: info: New User Connected
2024-06-08 22:42:02: info: New user has joined the room 6a481822-5fdb-45df-b379-b2e3ed35a000 with peer id as 57acabd3-08a8-494b-a2fa-7227d3cf6657
2024-06-08 22:42:17: info: New user has joined the room 6a481822-5fdb-45df-b379-b2e3ed35a000 with peer id as 57acabd3-08a8-494b-a2fa-7227d3cf6657
2024-06-08 22:44:35: info: User Disconnected
2024-06-08 22:47:49: info: New User Connected
2024-06-08 22:47:50: info: Room Created with ID: c9705920-e5fd-4036-bf5d-e4a1271c219f
2024-06-08 22:47:50: info: New user has joined the room c9705920-e5fd-4036-bf5d-e4a1271c219f with peer id as 8ed254cf-a248-4ce7-88a6-daffe798998a
2024-06-08 22:47:57: info: New User Connected
2024-06-08 22:47:57: info: New user has joined the room c9705920-e5fd-4036-bf5d-e4a1271c219f with peer id as 8575e274-e7a9-45aa-8916-fc7651a3104e
2024-06-08 22:47:59: info: New User Connected
2024-06-08 22:47:59: info: New user has joined the room c9705920-e5fd-4036-bf5d-e4a1271c219f with peer id as deb6248e-01f1-4dd0-967d-d01579d98d61
2024-06-08 22:48:02: info: New User Connected
2024-06-08 22:48:03: info: New user has joined the room c9705920-e5fd-4036-bf5d-e4a1271c219f with peer id as 04f35186-c653-4ef6-a9f9-f0eac1354e0e
2024-06-08 22:50:28: info: 443
2024-06-08 22:50:28: info: Server is up and running at the port 443
2024-06-08 22:50:29: info: New User Connected
2024-06-08 22:50:30: info: New User Connected
2024-06-08 22:50:30: info: New User Connected
2024-06-08 22:50:30: info: New User Connected
2024-06-08 22:50:38: info: User Disconnected
2024-06-08 22:50:38: info: User Disconnected
2024-06-08 22:50:39: info: User Disconnected
2024-06-08 22:50:39: info: User Disconnected
2024-06-08 22:50:45: info: New User Connected
2024-06-08 22:50:46: info: Room Created with ID: 5be37070-2146-4553-b7eb-076bf62b9b97
2024-06-08 22:50:46: info: New user has joined the room 5be37070-2146-4553-b7eb-076bf62b9b97 with peer id as 189e112b-945a-4c4a-b225-f4b227d41740
2024-06-08 22:51:04: info: New User Connected
2024-06-08 22:51:04: info: New user has joined the room 5be37070-2146-4553-b7eb-076bf62b9b97 with peer id as a5b93a1d-b71f-420b-b102-064d6ff7e45c
2024-06-08 22:51:40: info: 443
2024-06-08 22:51:40: info: Server is up and running at the port 443
2024-06-08 22:51:40: info: New User Connected
2024-06-08 22:51:41: info: New User Connected
2024-06-08 22:51:43: info: User Disconnected
2024-06-08 22:51:43: info: User Disconnected
2024-06-08 22:51:48: info: New User Connected
2024-06-08 22:51:49: info: Room Created with ID: 8cceb0eb-b139-4a9c-9ef2-12a57c1ba8cb
2024-06-08 22:51:49: info: New user has joined the room 8cceb0eb-b139-4a9c-9ef2-12a57c1ba8cb with peer id as 24f57eab-18e1-44d9-8617-9252881f9c38
2024-06-08 22:51:49: info: [object Object]
2024-06-08 22:51:54: info: New User Connected
2024-06-08 22:51:54: info: New user has joined the room 8cceb0eb-b139-4a9c-9ef2-12a57c1ba8cb with peer id as b3252afb-d926-4145-8a4a-1094110a19c9
2024-06-08 22:51:54: info: [object Object]
2024-06-08 22:51:57: info: New User Connected
2024-06-08 22:51:57: info: New user has joined the room 8cceb0eb-b139-4a9c-9ef2-12a57c1ba8cb with peer id as 43b6506b-63fd-482f-bc75-3122d90b8708
2024-06-08 22:51:57: info: [object Object]
2024-06-08 22:52:15: info: User Disconnected
2024-06-08 22:52:17: info: User Disconnected
2024-06-08 22:52:18: info: User Disconnected
2024-06-08 22:54:12: info: 443
2024-06-08 22:54:12: info: Server is up and running at the port 443
